2023-11-07 00:47:13,939: INFO: __main__: TOKEN HAS BEEN SET
2023-11-07 00:47:17,265: INFO: services.background_task: BACKGROUND TASK STARTED
2023-11-07 00:47:18,816: INFO: services.background_task: 26443.4
2023-11-07 00:47:19,570: INFO: services.background_task: []
2023-11-07 00:47:19,633: INFO: services.background_task: 26443.4
2023-11-07 00:47:19,674: INFO: models.account: []
2023-11-07 00:48:45,693: INFO: services.background_task: list of stocks: ['21STCENMGM', '3IINFOLTD', '3PLAND', '63MOONS', 'AAATECH', 'AAKASH', 'AARON', 'AARVEEDEN', 'AARVI', 'ABCAPITAL', 'ABFRL', 'ABMINTLLTD', 'ACCURACY', 'ACEINTEG', 'ADANIPOWER', 'ADFFOODS', 'ADSL', 'ADVANIHOTR', 'ADVENZYMES', 'AEGISCHEM', 'AGROPHOS', 'AGSTRA', 'AHL', 'AHLADA', 'AHLEAST', 'AJMERA', 'AJOONI', 'AKASH', 'AKG', 'AKSHAR', 'AKSHARCHEM', 'ALANKIT', 'ALEMBICLTD', 'ALKALI', 'ALLCARGO', 'ALMONDZ', 'ALOKINDS', 'ALPA', 'ALPHAGEO', 'AMDIND', 'AMJLAND', 'ANANTRAJ', 'ANDHRSUGAR', 'ANMOL', 'APCL', 'APEX', 'APOLLO', 'APOLLOTYRE', 'APTECHT', 'APTUS', 'ARCHIDPLY', 'ARCHIES', 'ARIES', 'ARIHANTCAP', 'ARIHANTSUP', 'ARTEMISMED', 'ARTNIRMAN', 'ARVEE', 'ARVIND', 'ARVINDFASN', 'ARVSMART', 'ASAHISONG', 'ASAL', 'ASHIANA', 'ASHIMASYN', 'ASHOKA', 'ASHOKLEY', 'ASIANENE', 'ASIANHOTNR', 'ASIANTILES', 'ASPINWALL', 'ASTERDM', 'ATLANTA', 'AURUM', 'AVG', 'AVROIND', 'AVTNPL', 'AWHCL', 'AWL', 'AXITA', 'AYMSYNTEX', 'BAJAJCON', 'BAJAJHIND', 'BALAJITELE', 'BALKRISHNA', 'BALMLAWRIE', 'BALPHARMA', 'BANARBEADS', 'BANDHANBNK', 'BANG', 'BANKA', 'BANKBARODA', 'BANKINDIA', 'BANSWRAS', 'BASML', 'BBOX', 'BBTCL', 'BCG', 'BCLIND', 'BEL', 'BEPL', 'BGRENERGY', 'BHAGERIA', 'BHARATGEAR', 'BHARATWIRE', 'BHEL', 'BIGBLOC', 'BIL', 'BIOCON', 'BIOFILCHEM', 'BIRLACABLE', 'BIRLAMONEY', 'BLBLIMITED', 'BLISSGVS', 'BLKASHYAP', 'BLS', 'BODALCHEM', 'BOMDYEING', 'BPCL', 'BRNL', 'BSHSL', 'BSL', 'BTML', 'BURNPUR', 'CALSOFT', 'CAMLINFINE', 'CAMPUS', 'CANBK', 'CANTABIL', 'CAPACITE', 'CAPTRUST', 'CAREERP', 'CASTROLIND', 'CENTRALBK', 'CENTRUM', 'CESC', 'CGPOWER', 'CHAMBLFERT', 'CHEMCON', 'CHEMFAB', 'CLEDUCATE', 'CLSEL', 'CMSINFO', 'COALINDIA', 'COASTCORP', 'COFFEEDAY', 'COMPUSOFT', 'CONFIPET', 'CONSOFINVT', 'CORALFINAC', 'CORDSCABLE', 'COUNCODOS', 'CREST', 'CROMPTON', 'CROWN', 'CSBBANK', 'CSLFINANCE', 'CTE', 'CUB', 'CUBEXTUB', 'CYBERTECH', 'DAMODARIND', 'DBCORP', 'DBL', 'DBOL', 'DBREALTY', 'DCAL', 'DCBBANK', 'DCMNVL', 'DCMSRIND', 'DCW', 'DCXINDIA', 'DEEPINDS', 'DELPHIFX', 'DELTACORP', 'DEN', 'DEVIT', 'DEVYANI', 'DGCONTENT', 'DHAMPURSUG', 'DHANBANK', 'DHARMAJ', 'DHRUV', 'DISHTV', 'DJML', 'DLINKINDIA', 'DMCC', 'DONEAR', 'DPSCLTD', 'DTIL', 'DUCON', 'DVL', 'DWARKESH', 'DYNPRO', 'EASEMYTRIP', 'EDELWEISS', 'EIFFL', 'EIHOTEL', 'EKC', 'ELECTCAST', 'ELIN', 'EMAMIPAP', 'EMAMIREAL', 'EMIL', 'EMKAY', 'EMMBI', 'ENERGYDEV', 'ENGINERSIN', 'ENIL', 'EPL', 'EQUITASBNK', 'EROSMEDIA', 'ESTER', 'EVEREADY', 'EXIDEIND', 'EXXARO', 'FCL', 'FCSSOFT', 'FDC', 'FEDERALBNK', 'FIBERWEB', 'FILATEX', 'FINOPB', 'FINPIPE', 'FMGOETZE', 'FOCUS', 'FOODSIN', 'FORTIS', 'FSL', 'GABRIEL', 'GAEL', 'GAIL', 'GALLANTT', 'GANESHBE', 'GANESHHOUC', 'GANGESSECU', 'GATEWAY', 'GATI', 'GAYAHWS', 'GEECEE', 'GENCON', 'GENESYS', 'GENUSPAPER', 'GENUSPOWER', 'GEOJITFSL', 'GEPIL', 'GFLLIMITED', 'GICHSGFIN', 'GICRE', 'GINNIFILA', 'GIPCL', 'GLFL', 'GLOBAL', 'GLOBALVECT', 'GMDCLTD', 'GMRINFRA', 'GMRP&UI', 'GOKUL', 'GOKULAGRO', 'GOLDIAM', 'GPPL', 'GRANULES', 'GREAVESCOT', 'GREENPANEL', 'GREENPLY', 'GRMOVER', 'GSFC', 'GSPL', 'GSS', 'GTLINFRA', 'GTPL', 'GUFICBIO', 'GULPOLY', 'HARDWYN', 'HARRMALAYA', 'HATHWAY', 'HBLPOWER', 'HBSL', 'HCC', 'HCG', 'HEADSUP', 'HECPROJECT', 'HEIDELBERG', 'HEMIPROP', 'HERANBA', 'HERCULES', 'HERITGFOOD', 'HEXATRADEX', 'HFCL', 'HIKAL', 'HILTON', 'HIMATSEIDE', 'HINDCOPPER', 'HINDMOTORS', 'HINDOILEXP', 'HINDPETRO', 'HINDZINC', 'HITECH', 'HITECHCORP', 'HITECHGEAR', 'HLVLTD', 'HMVL', 'HOVS', 'HPL', 'HSCL', 'HTMEDIA', 'HUBTOWN', 'HUDCO', 'HUHTAMAKI', 'IBREALEST', 'IBULHSGFIN', 'ICIL', 'IDBI', 'IDEA', 'IDFC', 'IDFCFIRSTB', 'IEX', 'IFCI', 'IIFLSEC', 'IITL', 'IMAGICAA', 'INDHOTEL', 'INDIACEM', 'INDIANCARD', 'INDIANHUME', 'INDOAMIN', 'INDOCO', 'INDORAMA', 'INDOTHAI', 'INDSWFTLAB', 'INDTERRAIN', 'INDUSTOWER', 'INFIBEAM', 'INOXGREEN', 'INOXWIND', 'INTENTECH', 'INTLCONV', 'INVENTURE', 'IOB', 'IOC', 'IPL', 'IRB', 'IRCON', 'IRFC', 'IRISDOREME', 'ISFT', 'ISMTLTD', 'ITDCEM', 'ITI', 'IVC', 'IVP', 'J&KBANK', 'JAGRAN', 'JAGSNPHARM', 'JAICORPLTD', 'JAIPURKURT', 'JAMNAAUTO', 'JAYAGROGN', 'JAYBARMARU', 'JAYNECOIND', 'JAYSREETEA', 'JETFREIGHT', 'JHS', 'JINDWORLD', 'JISLJALEQS', 'JKPAPER', 'JKTYRE', 'JMA', 'JMFINANCIL', 'JOCIL', 'JPASSOCIAT', 'JPPOWER', 'JSWENERGY', 'JTEKTINDIA', 'JWL', 'JYOTHYLAB', 'KAKATCEM', 'KALYANKJIL', 'KAMATHOTEL', 'KAMDHENU', 'KANANIIND', 'KANORICHEM', 'KANPRPLA', 'KANSAINER', 'KAPSTON', 'KARMAENG', 'KARURVYSYA', 'KAVVERITEL', 'KAYA', 'KBCGLOBAL', 'KCP', 'KECL', 'KELLTONTEC', 'KHAICHEM', 'KHAITANLTD', 'KHANDSE', 'KIOCL', 'KIRIINDUS', 'KITEX', 'KMSUGAR', 'KNRCON', 'KOHINOOR', 'KOPRAN', 'KOTHARIPET', 'KOTHARIPRO', 'KRBL', 'KREBSBIO', 'KRISHANA', 'KRITI', 'KTKBANK', 'KUANTUM', 'L&TFH', 'LAGNAM', 'LAMBODHARA', 'LATTEYS', 'LAURUSLABS', 'LAXMICOT', 'LCCINFOTEC', 'LEMONTREE', 'LFIC', 'LGBFORGE', 'LIBAS', 'LIBERTSHOE', 'LIKHITHA', 'LOKESHMACH', 'LOTUSEYE', 'LOVABLE', 'LUMAXTECH', 'LXCHEM', 'LYKALABS', 'M&MFIN', 'MAANALU', 'MADHAV', 'MADHUCON', 'MADRASFERT', 'MAHABANK', 'MAHAPEXLTD', 'MAHASTEEL', 'MAHEPC', 'MAHESHWARI', 'MAHLOG', 'MALUPAPER', 'MANAKALUCO', 'MANAKSIA', 'MANAKSTEEL', 'MANALIPETC', 'MANAPPURAM', 'MANGALAM', 'MANGCHEFER', 'MANINDS', 'MANINFRA', 'MANORG', 'MARALOVER', 'MARKSANS', 'MARSHALL', 'MAWANASUG', 'MAXIND', 'MBAPL', 'MBLINFRA', 'MEDICO', 'MEGASTAR', 'MENONBE', 'MEP', 'MGEL', 'MHLXMIRU', 'MHRIL', 'MINDACORP', 'MINDTECK', 'MIRZAINT', 'MITCON', 'MITTAL', 'MMP', 'MMTC', 'MODISONLTD', 'MOIL', 'MOL', 'MOLDTECH', 'MORARJEE', 'MOREPENLAB', 'MOTHERSON', 'MRO-TEK', 'MRPL', 'MSUMI', 'MTNL', 'MUKANDLTD', 'MUNJALAU', 'MUNJALSHOW', 'MUTHOOTCAP', 'NACLIND', 'NAGREEKCAP', 'NAGREEKEXP', 'NAHARCAP', 'NAHARINDUS', 'NAHARPOLY', 'NAHARSPING', 'NARMADA', 'NATHBIOGEN', 'NATIONALUM', 'NAVKARCORP', 'NAVNETEDUL', 'NBCC', 'NCC', 'NCLIND', 'NDL', 'NDTV', 'NECCLTD', 'NECLIFE', 'NELCAST', 'NETWORK18', 'NFL', 'NGIL', 'NHPC', 'NIACL', 'NIBL', 'NIITLTD', 'NILASPACES', 'NITCO', 'NITINSPIN', 'NLCINDIA', 'NMDC', 'NOCIL', 'NOIDATOLL', 'NRAIL', 'NRBBEARING', 'NRL', 'NTPC', 'NURECA', 'NUVOCO', 'NYKAA', 'OAL', 'OBCL', 'OIL', 'OMAXAUTO', 'OMAXE', 'ONELIFECAP', 'ONGC', 'ONMOBILE', 'OPTIEMUS', 'ORBTEXP', 'ORICONENT', 'ORIENTALTL', 'ORIENTCEM', 'ORIENTELEC', 'ORIENTHOT', 'ORIENTPPR', 'ORTINLAB', 'OSIAHYPER', 'OSWALAGRO', 'OSWALSEEDS', 'PAISALO', 'PALASHSECU', 'PALREDTEC', 'PANACEABIO', 'PANAMAPET', 'PAR', 'PARADEEP', 'PARAGMILK', 'PASUPTAC', 'PATELENG', 'PCBL', 'PCJEWELLER', 'PDMJEPAPER', 'PEARLPOLY', 'PENIND', 'PENINLAND', 'PETRONET', 'PFC', 'PFOCUS', 'PFS', 'PILITA', 'PLASTIBLEN', 'PNB', 'PNBGILTS', 'PNC', 'PNCINFRA', 'PODDARMENT', 'POONAWALLA', 'POWERGRID', 'PPAP', 'PPL', 'PPLPHARMA', 'PRECAM', 'PRECOT', 'PRECWIRE', 'PRICOLLTD', 'PRIMESECU', 'PRITI', 'PRSMJOHNSN', 'PSB', 'PTC', 'PTL', 'PURVA', 'QUICKHEAL', 'RADHIKAJWE', 'RADIOCITY', 'RAILTEL', 'RAIN', 'RAJTV', 'RALLIS', 'RAMANEWS', 'RAMAPHO', 'RAMASTEEL', 'RAMCOIND', 'RAMCOSYS', 'RAMRAT', 'RANASUG', 'RANEENGINE', 'RBA', 'RBLBANK', 'RCF', 'RECLTD', 'REDINGTON', 'RELCHEMQ', 'RELIGARE', 'RENUKA', 'REPL', 'RESPONIND', 'RGL', 'RICOAUTO', 'RKEC', 'ROHLTD', 'ROML', 'ROTO', 'RPOWER', 'RPPL', 'RSWM', 'RTNINDIA', 'RTNPOWER', 'RUBYMILLS', 'RUCHIRA', 'RUPA', 'RUSHIL', 'RVNL', 'SAGARDEEP', 'SAGCEM', 'SAIL', 'SAKAR', 'SAKHTISUG', 'SAKSOFT', 'SALASAR', 'SALONA', 'SALSTEEL', 'SALZERELEC', 'SANDHAR', 'SANGAMIND', 'SANGINITA', 'SARDAEN', 'SAREGAMA', 'SARLAPOLY', 'SASTASUNDR', 'SATIA', 'SATIN', 'SATINDLTD', 'SBC', 'SCHAND', 'SCHNEIDER', 'SCI', 'SCPL', 'SDBL', 'SECURCRED', 'SECURKLOUD', 'SEPC', 'SEQUENT', 'SESHAPAPER', 'SHALBY', 'SHALPAINTS', 'SHANTI', 'SHEMAROO', 'SHILPAMED', 'SHIVAMILLS', 'SHIVATEX', 'SHK', 'SHRADHA', 'SHREDIGCEM', 'SHREEPUSHK', 'SHRENIK', 'SHREYAS', 'SHRIRAMPPS', 'SHYAMCENT', 'SHYAMTEL', 'SIGACHI', 'SIKKO', 'SILGO', 'SILINV', 'SILLYMONKS', 'SIMBHALS', 'SINTERCOM', 'SIRCA', 'SJVN', 'SKIPPER', 'SMARTLINK', 'SMCGLOBAL', 'SMLT', 'SMSPHARMA', 'SNOWMAN', 'SOLARA', 'SOTL', 'SOUTHBANK', 'SOUTHWEST', 'SPARC', 'SPCENET', 'SPECIALITY', 'SPENCERS', 'SPIC', 'SPLIL', 'SREEL', 'SSWL', 'STARCEMENT', 'STARPAPER', 'STARTECK', 'STCINDIA', 'STEELCITY', 'STEELXIND', 'STERTOOLS', 'STLTECH', 'SUBEXLTD', 'SUMICHEM', 'SUMIT', 'SUNDARMHLD', 'SUNFLAG', 'SUPERHOUSE', 'SUPRAJIT', 'SUPRIYA', 'SURANASOL', 'SURANAT&P', 'SURYALAXMI', 'SURYODAY', 'SUTLEJTEX', 'SUVEN', 'SWANENERGY', 'SYNCOMF', 'TAINWALCHM', 'TAJGVK', 'TALBROAUTO', 'TARC', 'TARMAT', 'TATACOFFEE', 'TATAPOWER', 'TATASTEEL', 'TBZ', 'TCNSBRANDS', 'TDPOWERSYS', 'TEMBO', 'TERASOFT', 'TEXINFRA', 'TEXRAIL', 'TFCILTD', 'TFL', 'TGBHOTELS', 'THEINVEST', 'THEMISMED', 'TI', 'TIJARIA', 'TIMESGTY', 'TIMETECHNO', 'TINPLATE', 'TIPSINDLTD', 'TIRUMALCHM', 'TNPETRO', 'TNPL', 'TOKYOPLAST', 'TOTAL', 'TOUCHWOOD', 'TPLPLASTEH', 'TRACXN', 'TREEHOUSE', 'TRF', 'TRIDENT', 'TRIGYN', 'TRIL', 'TRITURBINE', 'TRIVENI', 'TTL', 'TTML', 'TV18BRDCST', 'TVSELECT', 'TVTODAY', 'UCOBANK', 'UGARSUGAR', 'UGROCAP', 'UJJIVANSFB', 'UMAEXPORTS', 'UMANGDAIRY', 'UNIDT', 'UNIENTER', 'UNIONBANK', 'UNITEDPOLY', 'UNITEDTEA', 'UNIVASTU', 'URAVI', 'URJA', 'USHAMART', 'VAISHALI', 'VAKRANGEE', 'VARDHACRLC', 'VASCONEQ', 'VCL', 'VEDL', 'VENUSREM', 'VERANDA', 'VERTOZ', 'VETO', 'VGUARD', 'VIKASLIFE', 'VINEETLAB', 'VIPCLOTHNG', 'VIPULLTD', 'VISAKAIND', 'VISHNU', 'VISHWARAJ', 'VIVIDHA', 'VLSFINANCE', 'VSSL', 'VTL', 'WEBELSOLAR', 'WEIZMANIND', 'WELENT', 'WELSPUNIND', 'WILLAMAGOR', 'WINDLAS', 'WIPRO', 'WOCKPHARMA', 'WORTH', 'XCHANGING', 'XELPMOC', 'YESBANK', 'ZEEL', 'ZEEMEDIA', 'ZENITHEXPO', 'ZIMLAB', 'ZODIAC', 'ZODIACLOTH', 'ZOMATO', 'ZUARI', 'ZUARIIND']
2023-11-07 00:48:45,693: INFO: services.background_task: allocation: 10000
2023-11-07 00:48:58,250: INFO: utils.take_position: AAKASH
2023-11-07 00:48:58,250: INFO: models.account: AAKASH has been bought @ 0.
2023-11-07 00:48:58,315: INFO: utils.take_position: AARVEEDEN
2023-11-07 00:48:58,315: INFO: models.account: AARVEEDEN has been bought @ 0.
2023-11-07 00:48:58,373: INFO: utils.take_position: ADSL
2023-11-07 00:48:58,373: INFO: models.account: ADSL has been bought @ 0.
2023-11-07 00:49:11,748: INFO: models.stock_info: None,0
2023-11-07 00:49:25,115: INFO: models.stock_info: None,0
2023-11-07 00:49:38,544: INFO: models.stock_info: None,0
2023-11-07 00:49:51,887: INFO: models.stock_info: None,0
2023-11-07 00:50:05,288: INFO: models.stock_info: None,0
2023-11-07 00:50:18,653: INFO: models.stock_info: None,0
2023-11-07 00:50:32,005: INFO: models.stock_info: None,0
2023-11-07 00:50:45,450: INFO: models.stock_info: None,0
2023-11-07 00:50:52,388: ERROR: services.background_task: Kite error may have happened
Traceback (most recent call last):
  File "D:\finance\wealth-manager\venv\Lib\site-packages\requests\models.py", line 971, in json
    return complexjson.loads(self.text, **kwargs)
           ^^^^^^^^^^^^^^^^^^^^^^^^^^^^^^^^^^^^^^
  File "C:\Users\Hp\AppData\Local\Programs\Python\Python311\Lib\json\__init__.py", line 346, in loads
    return _default_decoder.decode(s)
           ^^^^^^^^^^^^^^^^^^^^^^^^^^
  File "C:\Users\Hp\AppData\Local\Programs\Python\Python311\Lib\json\decoder.py", line 337, in decode
    obj, end = self.raw_decode(s, idx=_w(s, 0).end())
               ^^^^^^^^^^^^^^^^^^^^^^^^^^^^^^^^^^^^^^
  File "C:\Users\Hp\AppData\Local\Programs\Python\Python311\Lib\json\decoder.py", line 355, in raw_decode
    raise JSONDecodeError("Expecting value", s, err.value) from None
json.decoder.JSONDecodeError: Expecting value: line 1 column 1 (char 0)

During handling of the above exception, another exception occurred:

Traceback (most recent call last):
  File "D:\finance\wealth-manager\models\stock_info.py", line 81, in current_price
    return response.json()['data']
           ^^^^^^^^^^^^^^^
  File "D:\finance\wealth-manager\venv\Lib\site-packages\requests\models.py", line 975, in json
    raise RequestsJSONDecodeError(e.msg, e.doc, e.pos)
requests.exceptions.JSONDecodeError: Expecting value: line 1 column 1 (char 0)

During handling of the above exception, another exception occurred:

Traceback (most recent call last):
  File "D:\finance\wealth-manager\services\background_task.py", line 160, in background_task
    account.stocks_to_track[stock].update_price()
  File "D:\finance\wealth-manager\models\stock_info.py", line 114, in update_price
    current_price = self.current_price
                    ^^^^^^^^^^^^^^^^^^
  File "D:\finance\wealth-manager\models\stock_info.py", line 99, in current_price
    sleep(1)
KeyboardInterrupt
